<?xml version="1.0" encoding="UTF-8"?>
<!-- Generated by org.testng.reporters.JUnitReportReporter -->
<testsuite hostname="LAPTOP-LF3D5AG1" failures="0" tests="1" name="Testcase.Test" time="5.368" errors="0" timestamp="2024-09-25T12:35:15 IST" skipped="0">
  <testcase classname="Testcase.Test" name="runn" time="5.368"/>
  <system-out/>
</testsuite> <!-- Testcase.Test -->
